<?xml version="1.0" encoding="UTF-8"?>
<!-- Generated by org.testng.reporters.JUnitReportReporter -->
<testsuite name="org.testing.TestScripts.PostRequestTC" tests="1" time="4.271" ignored="0" failures="0" timestamp="08 Aug 2020 16:02:49 GMT" skipped="0" hostname="DESKTOP-T54N437" errors="0">
  <testcase name="tc1" time="4.271" classname="org.testing.TestScripts.PostRequestTC"/>
</testsuite> <!-- org.testing.TestScripts.PostRequestTC -->
