<?xml version="1.0" encoding="UTF-8"?>
<!-- Generated by org.testng.reporters.JUnitReportReporter -->
<testsuite name="org.testing.TestScripts.getRequestTestcase" tests="1" time="4.821" ignored="0" failures="0" timestamp="08 Aug 2020 16:01:55 GMT" skipped="0" hostname="DESKTOP-T54N437" errors="0">
  <testcase name="tc2" time="4.821" classname="org.testing.TestScripts.getRequestTestcase"/>
</testsuite> <!-- org.testing.TestScripts.getRequestTestcase -->
